This is pdfTeX, Version 3.14159265-2.6-1.40.18 (MiKTeX 2.9.6350 64-bit) (preloaded format=pdflatex 2017.10.15)  19 MAR 2018 23:01
entering extended mode
**./main.tex
(main.tex
LaTeX2e <2017-04-15>
Babel <3.10> and hyphenation patterns for 75 language(s) loaded.
("C:\Users\renan\AppData\Local\Programs\MiKTeX 2.9\tex\latex\base\article.cls"
Document Class: article 2014/09/29 v1.4h Standard LaTeX document class
("C:\Users\renan\AppData\Local\Programs\MiKTeX 2.9\tex\latex\base\size12.clo"
File: size12.clo 2014/09/29 v1.4h Standard LaTeX file (size option)
)
\c@part=\count79
\c@section=\count80
\c@subsection=\count81
\c@subsubsection=\count82
\c@paragraph=\count83
\c@subparagraph=\count84
\c@figure=\count85
\c@table=\count86
\abovecaptionskip=\skip41
\belowcaptionskip=\skip42
\bibindent=\dimen102
)
("C:\Users\renan\AppData\Local\Programs\MiKTeX 2.9\tex\latex\geometry\geometry.
sty"
Package: geometry 2010/09/12 v5.6 Page Geometry

("C:\Users\renan\AppData\Local\Programs\MiKTeX 2.9\tex\latex\graphics\keyval.st
y"
Package: keyval 2014/10/28 v1.15 key=value parser (DPC)
\KV@toks@=\toks14
)
("C:\Users\renan\AppData\Local\Programs\MiKTeX 2.9\tex\generic\oberdiek\ifpdf.s
ty"
Package: ifpdf 2017/03/15 v3.2 Provides the ifpdf switch
)
("C:\Users\renan\AppData\Local\Programs\MiKTeX 2.9\tex\generic\oberdiek\ifvtex.
sty"
Package: ifvtex 2016/05/16 v1.6 Detect VTeX and its facilities (HO)
Package ifvtex Info: VTeX not detected.
)
("C:\Users\renan\AppData\Local\Programs\MiKTeX 2.9\tex\generic\ifxetex\ifxetex.
sty"
Package: ifxetex 2010/09/12 v0.6 Provides ifxetex conditional
)
\Gm@cnth=\count87
\Gm@cntv=\count88
\c@Gm@tempcnt=\count89
\Gm@bindingoffset=\dimen103
\Gm@wd@mp=\dimen104
\Gm@odd@mp=\dimen105
\Gm@even@mp=\dimen106
\Gm@layoutwidth=\dimen107
\Gm@layoutheight=\dimen108
\Gm@layouthoffset=\dimen109
\Gm@layoutvoffset=\dimen110
\Gm@dimlist=\toks15

("C:\Users\renan\AppData\Local\Programs\MiKTeX 2.9\tex\latex\geometry\geometry.
cfg"))
("C:\Users\renan\AppData\Local\Programs\MiKTeX 2.9\tex\latex\amsmath\amsmath.st
y"
Package: amsmath 2016/11/05 v2.16a AMS math features
\@mathmargin=\skip43

For additional information on amsmath, use the `?' option.

("C:\Users\renan\AppData\Local\Programs\MiKTeX 2.9\tex\latex\amsmath\amstext.st
y"
Package: amstext 2000/06/29 v2.01 AMS text

("C:\Users\renan\AppData\Local\Programs\MiKTeX 2.9\tex\latex\amsmath\amsgen.sty
"
File: amsgen.sty 1999/11/30 v2.0 generic functions
\@emptytoks=\toks16
\ex@=\dimen111
))
("C:\Users\renan\AppData\Local\Programs\MiKTeX 2.9\tex\latex\amsmath\amsbsy.sty
"
Package: amsbsy 1999/11/29 v1.2d Bold Symbols
\pmbraise@=\dimen112
)
("C:\Users\renan\AppData\Local\Programs\MiKTeX 2.9\tex\latex\amsmath\amsopn.sty
"
Package: amsopn 2016/03/08 v2.02 operator names
)
\inf@bad=\count90
LaTeX Info: Redefining \frac on input line 213.
\uproot@=\count91
\leftroot@=\count92
LaTeX Info: Redefining \overline on input line 375.
\classnum@=\count93
\DOTSCASE@=\count94
LaTeX Info: Redefining \ldots on input line 472.
LaTeX Info: Redefining \dots on input line 475.
LaTeX Info: Redefining \cdots on input line 596.
\Mathstrutbox@=\box26
\strutbox@=\box27
\big@size=\dimen113
LaTeX Font Info:    Redeclaring font encoding OML on input line 712.
LaTeX Font Info:    Redeclaring font encoding OMS on input line 713.
\macc@depth=\count95
\c@MaxMatrixCols=\count96
\dotsspace@=\muskip10
\c@parentequation=\count97
\dspbrk@lvl=\count98
\tag@help=\toks17
\row@=\count99
\column@=\count100
\maxfields@=\count101
\andhelp@=\toks18
\eqnshift@=\dimen114
\alignsep@=\dimen115
\tagshift@=\dimen116
\tagwidth@=\dimen117
\totwidth@=\dimen118
\lineht@=\dimen119
\@envbody=\toks19
\multlinegap=\skip44
\multlinetaggap=\skip45
\mathdisplay@stack=\toks20
LaTeX Info: Redefining \[ on input line 2817.
LaTeX Info: Redefining \] on input line 2818.
)
("C:\Users\renan\AppData\Local\Programs\MiKTeX 2.9\tex\latex\amscls\amsthm.sty"
Package: amsthm 2015/03/04 v2.20.2
\thm@style=\toks21
\thm@bodyfont=\toks22
\thm@headfont=\toks23
\thm@notefont=\toks24
\thm@headpunct=\toks25
\thm@preskip=\skip46
\thm@postskip=\skip47
\thm@headsep=\skip48
\dth@everypar=\toks26
)
("C:\Users\renan\AppData\Local\Programs\MiKTeX 2.9\tex\latex\amsfonts\amssymb.s
ty"
Package: amssymb 2013/01/14 v3.01 AMS font symbols

("C:\Users\renan\AppData\Local\Programs\MiKTeX 2.9\tex\latex\amsfonts\amsfonts.
sty"
Package: amsfonts 2013/01/14 v3.01 Basic AMSFonts support
\symAMSa=\mathgroup4
\symAMSb=\mathgroup5
LaTeX Font Info:    Overwriting math alphabet `\mathfrak' in version `bold'
(Font)                  U/euf/m/n --> U/euf/b/n on input line 106.
))
("C:\Users\renan\AppData\Local\Programs\MiKTeX 2.9\tex\generic\babel\babel.sty"
Package: babel 2017/05/19 3.10 The Babel package
*************************************
* Local config file bblopts.cfg used
*
("C:\Users\renan\AppData\Local\Programs\MiKTeX 2.9\tex\latex\arabi\bblopts.cfg"
File: bblopts.cfg 2005/09/08 v0.1 add Arabic and Farsi to "declared" options of
 babel
)
("C:\Users\renan\AppData\Local\Programs\MiKTeX 2.9\tex\latex\babel-portuges\por
tuges.ldf"
Language: portuges 2008/03/18 v1.2q Portuguese support from the babel system

("C:\Users\renan\AppData\Local\Programs\MiKTeX 2.9\tex\generic\babel\babel.def"
File: babel.def 2017/05/19 3.10 Babel common definitions
\babel@savecnt=\count102
\U@D=\dimen120
)
\l@brazilian = a dialect from \language\l@portuges 
Package babel Info: Making " an active character on input line 145.
))
("C:\Users\renan\AppData\Local\Programs\MiKTeX 2.9\tex\latex\base\inputenc.sty"
Package: inputenc 2015/03/17 v1.2c Input encoding file
\inpenc@prehook=\toks27
\inpenc@posthook=\toks28
("C:\Users\renan\AppData\Local\Programs\MiKTeX 2.9\tex\latex\base\utf8.def"
File: utf8.def 2017/01/28 v1.1t UTF-8 support for inputenc
Now handling font encoding OML ...
... no UTF-8 mapping file for font encoding OML
Now handling font encoding T1 ...
... processing UTF-8 mapping file for font encoding T1

("C:\Users\renan\AppData\Local\Programs\MiKTeX 2.9\tex\latex\base\t1enc.dfu"
File: t1enc.dfu 2017/01/28 v1.1t UTF-8 support for inputenc
   defining Unicode char U+00A0 (decimal 160)
   defining Unicode char U+00A1 (decimal 161)
   defining Unicode char U+00A3 (decimal 163)
   defining Unicode char U+00AB (decimal 171)
   defining Unicode char U+00AD (decimal 173)
   defining Unicode char U+00BB (decimal 187)
   defining Unicode char U+00BF (decimal 191)
   defining Unicode char U+00C0 (decimal 192)
   defining Unicode char U+00C1 (decimal 193)
   defining Unicode char U+00C2 (decimal 194)
   defining Unicode char U+00C3 (decimal 195)
   defining Unicode char U+00C4 (decimal 196)
   defining Unicode char U+00C5 (decimal 197)
   defining Unicode char U+00C6 (decimal 198)
   defining Unicode char U+00C7 (decimal 199)
   defining Unicode char U+00C8 (decimal 200)
   defining Unicode char U+00C9 (decimal 201)
   defining Unicode char U+00CA (decimal 202)
   defining Unicode char U+00CB (decimal 203)
   defining Unicode char U+00CC (decimal 204)
   defining Unicode char U+00CD (decimal 205)
   defining Unicode char U+00CE (decimal 206)
   defining Unicode char U+00CF (decimal 207)
   defining Unicode char U+00D0 (decimal 208)
   defining Unicode char U+00D1 (decimal 209)
   defining Unicode char U+00D2 (decimal 210)
   defining Unicode char U+00D3 (decimal 211)
   defining Unicode char U+00D4 (decimal 212)
   defining Unicode char U+00D5 (decimal 213)
   defining Unicode char U+00D6 (decimal 214)
   defining Unicode char U+00D8 (decimal 216)
   defining Unicode char U+00D9 (decimal 217)
   defining Unicode char U+00DA (decimal 218)
   defining Unicode char U+00DB (decimal 219)
   defining Unicode char U+00DC (decimal 220)
   defining Unicode char U+00DD (decimal 221)
   defining Unicode char U+00DE (decimal 222)
   defining Unicode char U+00DF (decimal 223)
   defining Unicode char U+00E0 (decimal 224)
   defining Unicode char U+00E1 (decimal 225)
   defining Unicode char U+00E2 (decimal 226)
   defining Unicode char U+00E3 (decimal 227)
   defining Unicode char U+00E4 (decimal 228)
   defining Unicode char U+00E5 (decimal 229)
   defining Unicode char U+00E6 (decimal 230)
   defining Unicode char U+00E7 (decimal 231)
   defining Unicode char U+00E8 (decimal 232)
   defining Unicode char U+00E9 (decimal 233)
   defining Unicode char U+00EA (decimal 234)
   defining Unicode char U+00EB (decimal 235)
   defining Unicode char U+00EC (decimal 236)
   defining Unicode char U+00ED (decimal 237)
   defining Unicode char U+00EE (decimal 238)
   defining Unicode char U+00EF (decimal 239)
   defining Unicode char U+00F0 (decimal 240)
   defining Unicode char U+00F1 (decimal 241)
   defining Unicode char U+00F2 (decimal 242)
   defining Unicode char U+00F3 (decimal 243)
   defining Unicode char U+00F4 (decimal 244)
   defining Unicode char U+00F5 (decimal 245)
   defining Unicode char U+00F6 (decimal 246)
   defining Unicode char U+00F8 (decimal 248)
   defining Unicode char U+00F9 (decimal 249)
   defining Unicode char U+00FA (decimal 250)
   defining Unicode char U+00FB (decimal 251)
   defining Unicode char U+00FC (decimal 252)
   defining Unicode char U+00FD (decimal 253)
   defining Unicode char U+00FE (decimal 254)
   defining Unicode char U+00FF (decimal 255)
   defining Unicode char U+0100 (decimal 256)
   defining Unicode char U+0101 (decimal 257)
   defining Unicode char U+0102 (decimal 258)
   defining Unicode char U+0103 (decimal 259)
   defining Unicode char U+0104 (decimal 260)
   defining Unicode char U+0105 (decimal 261)
   defining Unicode char U+0106 (decimal 262)
   defining Unicode char U+0107 (decimal 263)
   defining Unicode char U+0108 (decimal 264)
   defining Unicode char U+0109 (decimal 265)
   defining Unicode char U+010A (decimal 266)
   defining Unicode char U+010B (decimal 267)
   defining Unicode char U+010C (decimal 268)
   defining Unicode char U+010D (decimal 269)
   defining Unicode char U+010E (decimal 270)
   defining Unicode char U+010F (decimal 271)
   defining Unicode char U+0110 (decimal 272)
   defining Unicode char U+0111 (decimal 273)
   defining Unicode char U+0112 (decimal 274)
   defining Unicode char U+0113 (decimal 275)
   defining Unicode char U+0114 (decimal 276)
   defining Unicode char U+0115 (decimal 277)
   defining Unicode char U+0116 (decimal 278)
   defining Unicode char U+0117 (decimal 279)
   defining Unicode char U+0118 (decimal 280)
   defining Unicode char U+0119 (decimal 281)
   defining Unicode char U+011A (decimal 282)
   defining Unicode char U+011B (decimal 283)
   defining Unicode char U+011C (decimal 284)
   defining Unicode char U+011D (decimal 285)
   defining Unicode char U+011E (decimal 286)
   defining Unicode char U+011F (decimal 287)
   defining Unicode char U+0120 (decimal 288)
   defining Unicode char U+0121 (decimal 289)
   defining Unicode char U+0122 (decimal 290)
   defining Unicode char U+0123 (decimal 291)
   defining Unicode char U+0124 (decimal 292)
   defining Unicode char U+0125 (decimal 293)
   defining Unicode char U+0128 (decimal 296)
   defining Unicode char U+0129 (decimal 297)
   defining Unicode char U+012A (decimal 298)
   defining Unicode char U+012B (decimal 299)
   defining Unicode char U+012C (decimal 300)
   defining Unicode char U+012D (decimal 301)
   defining Unicode char U+012E (decimal 302)
   defining Unicode char U+012F (decimal 303)
   defining Unicode char U+0130 (decimal 304)
   defining Unicode char U+0131 (decimal 305)
   defining Unicode char U+0132 (decimal 306)
   defining Unicode char U+0133 (decimal 307)
   defining Unicode char U+0134 (decimal 308)
   defining Unicode char U+0135 (decimal 309)
   defining Unicode char U+0136 (decimal 310)
   defining Unicode char U+0137 (decimal 311)
   defining Unicode char U+0139 (decimal 313)
   defining Unicode char U+013A (decimal 314)
   defining Unicode char U+013B (decimal 315)
   defining Unicode char U+013C (decimal 316)
   defining Unicode char U+013D (decimal 317)
   defining Unicode char U+013E (decimal 318)
   defining Unicode char U+0141 (decimal 321)
   defining Unicode char U+0142 (decimal 322)
   defining Unicode char U+0143 (decimal 323)
   defining Unicode char U+0144 (decimal 324)
   defining Unicode char U+0145 (decimal 325)
   defining Unicode char U+0146 (decimal 326)
   defining Unicode char U+0147 (decimal 327)
   defining Unicode char U+0148 (decimal 328)
   defining Unicode char U+014A (decimal 330)
   defining Unicode char U+014B (decimal 331)
   defining Unicode char U+014C (decimal 332)
   defining Unicode char U+014D (decimal 333)
   defining Unicode char U+014E (decimal 334)
   defining Unicode char U+014F (decimal 335)
   defining Unicode char U+0150 (decimal 336)
   defining Unicode char U+0151 (decimal 337)
   defining Unicode char U+0152 (decimal 338)
   defining Unicode char U+0153 (decimal 339)
   defining Unicode char U+0154 (decimal 340)
   defining Unicode char U+0155 (decimal 341)
   defining Unicode char U+0156 (decimal 342)
   defining Unicode char U+0157 (decimal 343)
   defining Unicode char U+0158 (decimal 344)
   defining Unicode char U+0159 (decimal 345)
   defining Unicode char U+015A (decimal 346)
   defining Unicode char U+015B (decimal 347)
   defining Unicode char U+015C (decimal 348)
   defining Unicode char U+015D (decimal 349)
   defining Unicode char U+015E (decimal 350)
   defining Unicode char U+015F (decimal 351)
   defining Unicode char U+0160 (decimal 352)
   defining Unicode char U+0161 (decimal 353)
   defining Unicode char U+0162 (decimal 354)
   defining Unicode char U+0163 (decimal 355)
   defining Unicode char U+0164 (decimal 356)
   defining Unicode char U+0165 (decimal 357)
   defining Unicode char U+0168 (decimal 360)
   defining Unicode char U+0169 (decimal 361)
   defining Unicode char U+016A (decimal 362)
   defining Unicode char U+016B (decimal 363)
   defining Unicode char U+016C (decimal 364)
   defining Unicode char U+016D (decimal 365)
   defining Unicode char U+016E (decimal 366)
   defining Unicode char U+016F (decimal 367)
   defining Unicode char U+0170 (decimal 368)
   defining Unicode char U+0171 (decimal 369)
   defining Unicode char U+0172 (decimal 370)
   defining Unicode char U+0173 (decimal 371)
   defining Unicode char U+0174 (decimal 372)
   defining Unicode char U+0175 (decimal 373)
   defining Unicode char U+0176 (decimal 374)
   defining Unicode char U+0177 (decimal 375)
   defining Unicode char U+0178 (decimal 376)
   defining Unicode char U+0179 (decimal 377)
   defining Unicode char U+017A (decimal 378)
   defining Unicode char U+017B (decimal 379)
   defining Unicode char U+017C (decimal 380)
   defining Unicode char U+017D (decimal 381)
   defining Unicode char U+017E (decimal 382)
   defining Unicode char U+01CD (decimal 461)
   defining Unicode char U+01CE (decimal 462)
   defining Unicode char U+01CF (decimal 463)
   defining Unicode char U+01D0 (decimal 464)
   defining Unicode char U+01D1 (decimal 465)
   defining Unicode char U+01D2 (decimal 466)
   defining Unicode char U+01D3 (decimal 467)
   defining Unicode char U+01D4 (decimal 468)
   defining Unicode char U+01E2 (decimal 482)
   defining Unicode char U+01E3 (decimal 483)
   defining Unicode char U+01E6 (decimal 486)
   defining Unicode char U+01E7 (decimal 487)
   defining Unicode char U+01E8 (decimal 488)
   defining Unicode char U+01E9 (decimal 489)
   defining Unicode char U+01EA (decimal 490)
   defining Unicode char U+01EB (decimal 491)
   defining Unicode char U+01F0 (decimal 496)
   defining Unicode char U+01F4 (decimal 500)
   defining Unicode char U+01F5 (decimal 501)
   defining Unicode char U+0218 (decimal 536)
   defining Unicode char U+0219 (decimal 537)
   defining Unicode char U+021A (decimal 538)
   defining Unicode char U+021B (decimal 539)
   defining Unicode char U+0232 (decimal 562)
   defining Unicode char U+0233 (decimal 563)
   defining Unicode char U+1E02 (decimal 7682)
   defining Unicode char U+1E03 (decimal 7683)
   defining Unicode char U+200C (decimal 8204)
   defining Unicode char U+2010 (decimal 8208)
   defining Unicode char U+2011 (decimal 8209)
   defining Unicode char U+2012 (decimal 8210)
   defining Unicode char U+2013 (decimal 8211)
   defining Unicode char U+2014 (decimal 8212)
   defining Unicode char U+2015 (decimal 8213)
   defining Unicode char U+2018 (decimal 8216)
   defining Unicode char U+2019 (decimal 8217)
   defining Unicode char U+201A (decimal 8218)
   defining Unicode char U+201C (decimal 8220)
   defining Unicode char U+201D (decimal 8221)
   defining Unicode char U+201E (decimal 8222)
   defining Unicode char U+2030 (decimal 8240)
   defining Unicode char U+2031 (decimal 8241)
   defining Unicode char U+2039 (decimal 8249)
   defining Unicode char U+203A (decimal 8250)
   defining Unicode char U+2423 (decimal 9251)
   defining Unicode char U+1E20 (decimal 7712)
   defining Unicode char U+1E21 (decimal 7713)
)
Now handling font encoding OT1 ...
... processing UTF-8 mapping file for font encoding OT1

("C:\Users\renan\AppData\Local\Programs\MiKTeX 2.9\tex\latex\base\ot1enc.dfu"
File: ot1enc.dfu 2017/01/28 v1.1t UTF-8 support for inputenc
   defining Unicode char U+00A0 (decimal 160)
   defining Unicode char U+00A1 (decimal 161)
   defining Unicode char U+00A3 (decimal 163)
   defining Unicode char U+00AD (decimal 173)
   defining Unicode char U+00B8 (decimal 184)
   defining Unicode char U+00BF (decimal 191)
   defining Unicode char U+00C5 (decimal 197)
   defining Unicode char U+00C6 (decimal 198)
   defining Unicode char U+00D8 (decimal 216)
   defining Unicode char U+00DF (decimal 223)
   defining Unicode char U+00E6 (decimal 230)
   defining Unicode char U+00EC (decimal 236)
   defining Unicode char U+00ED (decimal 237)
   defining Unicode char U+00EE (decimal 238)
   defining Unicode char U+00EF (decimal 239)
   defining Unicode char U+00F8 (decimal 248)
   defining Unicode char U+0131 (decimal 305)
   defining Unicode char U+0141 (decimal 321)
   defining Unicode char U+0142 (decimal 322)
   defining Unicode char U+0152 (decimal 338)
   defining Unicode char U+0153 (decimal 339)
   defining Unicode char U+0174 (decimal 372)
   defining Unicode char U+0175 (decimal 373)
   defining Unicode char U+0176 (decimal 374)
   defining Unicode char U+0177 (decimal 375)
   defining Unicode char U+0218 (decimal 536)
   defining Unicode char U+0219 (decimal 537)
   defining Unicode char U+021A (decimal 538)
   defining Unicode char U+021B (decimal 539)
   defining Unicode char U+2013 (decimal 8211)
   defining Unicode char U+2014 (decimal 8212)
   defining Unicode char U+2018 (decimal 8216)
   defining Unicode char U+2019 (decimal 8217)
   defining Unicode char U+201C (decimal 8220)
   defining Unicode char U+201D (decimal 8221)
)
Now handling font encoding OMS ...
... processing UTF-8 mapping file for font encoding OMS

("C:\Users\renan\AppData\Local\Programs\MiKTeX 2.9\tex\latex\base\omsenc.dfu"
File: omsenc.dfu 2017/01/28 v1.1t UTF-8 support for inputenc
   defining Unicode char U+00A7 (decimal 167)
   defining Unicode char U+00B6 (decimal 182)
   defining Unicode char U+00B7 (decimal 183)
   defining Unicode char U+2020 (decimal 8224)
   defining Unicode char U+2021 (decimal 8225)
   defining Unicode char U+2022 (decimal 8226)
)
Now handling font encoding OMX ...
... no UTF-8 mapping file for font encoding OMX
Now handling font encoding U ...
... no UTF-8 mapping file for font encoding U
   defining Unicode char U+00A9 (decimal 169)
   defining Unicode char U+00AA (decimal 170)
   defining Unicode char U+00AE (decimal 174)
   defining Unicode char U+00BA (decimal 186)
   defining Unicode char U+02C6 (decimal 710)
   defining Unicode char U+02DC (decimal 732)
   defining Unicode char U+200C (decimal 8204)
   defining Unicode char U+2026 (decimal 8230)
   defining Unicode char U+2122 (decimal 8482)
   defining Unicode char U+2423 (decimal 9251)
)) ("C:\Users\renan\AppData\Local\Programs\MiKTeX 2.9\tex\latex\base\fontenc.st
y"
Package: fontenc 2017/04/05 v2.0i Standard LaTeX package
 ("C:\Users\renan\AppData\Local\Programs\MiKTeX 2.9\tex\latex\base\t1enc.def"
File: t1enc.def 2017/04/05 v2.0i Standard LaTeX file
LaTeX Font Info:    Redeclaring font encoding T1 on input line 48.
))
("C:\Users\renan\AppData\Local\Programs\MiKTeX 2.9\tex\latex\graphics\graphicx.
sty"
Package: graphicx 2014/10/28 v1.0g Enhanced LaTeX Graphics (DPC,SPQR)

("C:\Users\renan\AppData\Local\Programs\MiKTeX 2.9\tex\latex\graphics\graphics.
sty"
Package: graphics 2017/04/14 v1.1b Standard LaTeX Graphics (DPC,SPQR)

("C:\Users\renan\AppData\Local\Programs\MiKTeX 2.9\tex\latex\graphics\trig.sty"
Package: trig 2016/01/03 v1.10 sin cos tan (DPC)
)
("C:\Users\renan\AppData\Local\Programs\MiKTeX 2.9\tex\latex\graphics-cfg\graph
ics.cfg"
File: graphics.cfg 2016/06/04 v1.11 sample graphics configuration
)
Package graphics Info: Driver file: pdftex.def on input line 99.

("C:\Users\renan\AppData\Local\Programs\MiKTeX 2.9\tex\latex\graphics-def\pdfte
x.def"
File: pdftex.def 2017/01/12 v0.06k Graphics/color for pdfTeX

("C:\Users\renan\AppData\Local\Programs\MiKTeX 2.9\tex\generic\oberdiek\infware
rr.sty"
Package: infwarerr 2016/05/16 v1.4 Providing info/warning/error messages (HO)
)
("C:\Users\renan\AppData\Local\Programs\MiKTeX 2.9\tex\generic\oberdiek\ltxcmds
.sty"
Package: ltxcmds 2016/05/16 v1.23 LaTeX kernel commands for general use (HO)
)
\Gread@gobject=\count103
))
\Gin@req@height=\dimen121
\Gin@req@width=\dimen122
)
("C:\Users\renan\AppData\Local\Programs\MiKTeX 2.9\tex\latex\xcolor\xcolor.sty"
Package: xcolor 2016/05/11 v2.12 LaTeX color extensions (UK)

("C:\Users\renan\AppData\Local\Programs\MiKTeX 2.9\tex\latex\graphics-cfg\color
.cfg"
File: color.cfg 2016/01/02 v1.6 sample color configuration
)
Package xcolor Info: Driver file: pdftex.def on input line 225.
Package xcolor Info: Model `cmy' substituted by `cmy0' on input line 1348.
Package xcolor Info: Model `hsb' substituted by `rgb' on input line 1352.
Package xcolor Info: Model `RGB' extended on input line 1364.
Package xcolor Info: Model `HTML' substituted by `rgb' on input line 1366.
Package xcolor Info: Model `Hsb' substituted by `hsb' on input line 1367.
Package xcolor Info: Model `tHsb' substituted by `hsb' on input line 1368.
Package xcolor Info: Model `HSB' substituted by `hsb' on input line 1369.
Package xcolor Info: Model `Gray' substituted by `gray' on input line 1370.
Package xcolor Info: Model `wave' substituted by `hsb' on input line 1371.
)
("C:\Users\renan\AppData\Local\Programs\MiKTeX 2.9\tex\latex\float\float.sty"
Package: float 2001/11/08 v1.3d Float enhancements (AL)
\c@float@type=\count104
\float@exts=\toks29
\float@box=\box28
\@float@everytoks=\toks30
\@floatcapt=\box29
)
("C:\Users\renan\AppData\Local\Programs\MiKTeX 2.9\tex\latex\oberdiek\epstopdf.
sty"
Package: epstopdf 2016/05/15 v2.6 Conversion with epstopdf on the fly (HO)

("C:\Users\renan\AppData\Local\Programs\MiKTeX 2.9\tex\latex\oberdiek\epstopdf-
base.sty"
Package: epstopdf-base 2016/05/15 v2.6 Base part for package epstopdf

("C:\Users\renan\AppData\Local\Programs\MiKTeX 2.9\tex\latex\oberdiek\grfext.st
y"
Package: grfext 2016/05/16 v1.2 Manage graphics extensions (HO)

("C:\Users\renan\AppData\Local\Programs\MiKTeX 2.9\tex\generic\oberdiek\kvdefin
ekeys.sty"
Package: kvdefinekeys 2016/05/16 v1.4 Define keys (HO)
))
("C:\Users\renan\AppData\Local\Programs\MiKTeX 2.9\tex\latex\oberdiek\kvoptions
.sty"
Package: kvoptions 2016/05/16 v3.12 Key value format for package options (HO)

("C:\Users\renan\AppData\Local\Programs\MiKTeX 2.9\tex\generic\oberdiek\kvsetke
ys.sty"
Package: kvsetkeys 2016/05/16 v1.17 Key value parser (HO)

("C:\Users\renan\AppData\Local\Programs\MiKTeX 2.9\tex\generic\oberdiek\etexcmd
s.sty"
Package: etexcmds 2016/05/16 v1.6 Avoid name clashes with e-TeX commands (HO)

("C:\Users\renan\AppData\Local\Programs\MiKTeX 2.9\tex\generic\oberdiek\ifluate
x.sty"
Package: ifluatex 2016/05/16 v1.4 Provides the ifluatex switch (HO)
Package ifluatex Info: LuaTeX not detected.
)
Package etexcmds Info: Could not find \expanded.
(etexcmds)             That can mean that you are not using pdfTeX 1.50 or
(etexcmds)             that some package has redefined \expanded.
(etexcmds)             In the latter case, load this package earlier.
)))
("C:\Users\renan\AppData\Local\Programs\MiKTeX 2.9\tex\generic\oberdiek\pdftexc
mds.sty"
Package: pdftexcmds 2017/03/19 v0.25 Utility functions of pdfTeX for LuaTeX (HO
)
Package pdftexcmds Info: LuaTeX not detected.
Package pdftexcmds Info: \pdf@primitive is available.
Package pdftexcmds Info: \pdf@ifprimitive is available.
Package pdftexcmds Info: \pdfdraftmode found.
)
Package epstopdf-base Info: Redefining graphics rule for `.eps' on input line 4
38.
Package grfext Info: Graphics extension search list:
(grfext)             [.png,.pdf,.jpg,.mps,.jpeg,.jbig2,.jb2,.PNG,.PDF,.JPG,.JPE
G,.JBIG2,.JB2,.eps]
(grfext)             \AppendGraphicsExtensions on input line 456.
))
("C:\Users\renan\AppData\Local\Programs\MiKTeX 2.9\tex\latex\tools\longtable.st
y"
Package: longtable 2014/10/28 v4.11 Multi-page Table package (DPC)
\LTleft=\skip49
\LTright=\skip50
\LTpre=\skip51
\LTpost=\skip52
\LTchunksize=\count105
\LTcapwidth=\dimen123
\LT@head=\box30
\LT@firsthead=\box31
\LT@foot=\box32
\LT@lastfoot=\box33
\LT@cols=\count106
\LT@rows=\count107
\c@LT@tables=\count108
\c@LT@chunks=\count109
\LT@p@ftn=\toks31
)
("C:\Users\renan\AppData\Local\Programs\MiKTeX 2.9\tex\latex\caption\subcaption
.sty"
Package: subcaption 2016/05/22 v1.1-161 Sub-captions (AR)

("C:\Users\renan\AppData\Local\Programs\MiKTeX 2.9\tex\latex\caption\caption.st
y"
Package: caption 2016/02/21 v3.3-144 Customizing captions (AR)

("C:\Users\renan\AppData\Local\Programs\MiKTeX 2.9\tex\latex\caption\caption3.s
ty"
Package: caption3 2016/05/22 v1.7-166 caption3 kernel (AR)
Package caption3 Info: TeX engine: e-TeX on input line 67.
\captionmargin=\dimen124
\captionmargin@=\dimen125
\captionwidth=\dimen126
\caption@tempdima=\dimen127
\caption@indent=\dimen128
\caption@parindent=\dimen129
\caption@hangindent=\dimen130
)
\c@ContinuedFloat=\count110
Package caption Info: float package is loaded.
Package caption Info: longtable package is loaded.

("C:\Users\renan\AppData\Local\Programs\MiKTeX 2.9\tex\latex\caption\ltcaption.
sty"
Package: ltcaption 2013/06/09 v1.4-94 longtable captions (AR)
))
\c@subfigure=\count111
\c@subtable=\count112
)
("C:\Users\renan\AppData\Local\Programs\MiKTeX 2.9\tex\latex\listings\listings.
sty"
\lst@mode=\count113
\lst@gtempboxa=\box34
\lst@token=\toks32
\lst@length=\count114
\lst@currlwidth=\dimen131
\lst@column=\count115
\lst@pos=\count116
\lst@lostspace=\dimen132
\lst@width=\dimen133
\lst@newlines=\count117
\lst@lineno=\count118
\lst@maxwidth=\dimen134

("C:\Users\renan\AppData\Local\Programs\MiKTeX 2.9\tex\latex\listings\lstmisc.s
ty"
File: lstmisc.sty 2015/06/04 1.6 (Carsten Heinz)
\c@lstnumber=\count119
\lst@skipnumbers=\count120
\lst@framebox=\box35
)
("C:\Users\renan\AppData\Local\Programs\MiKTeX 2.9\tex\latex\listings\listings.
cfg"
File: listings.cfg 2015/06/04 1.6 listings configuration
))
Package: listings 2015/06/04 1.6 (Carsten Heinz)
 (main.aux)
\openout1 = `main.aux'.

LaTeX Font Info:    Checking defaults for OML/cmm/m/it on input line 48.
LaTeX Font Info:    ... okay on input line 48.
LaTeX Font Info:    Checking defaults for T1/cmr/m/n on input line 48.
LaTeX Font Info:    ... okay on input line 48.
LaTeX Font Info:    Checking defaults for OT1/cmr/m/n on input line 48.
LaTeX Font Info:    ... okay on input line 48.
LaTeX Font Info:    Checking defaults for OMS/cmsy/m/n on input line 48.
LaTeX Font Info:    ... okay on input line 48.
LaTeX Font Info:    Checking defaults for OMX/cmex/m/n on input line 48.
LaTeX Font Info:    ... okay on input line 48.
LaTeX Font Info:    Checking defaults for U/cmr/m/n on input line 48.
LaTeX Font Info:    ... okay on input line 48.

*geometry* driver: auto-detecting
*geometry* detected driver: pdftex
*geometry* verbose mode - [ preamble ] result:
* driver: pdftex
* paper: <default>
* layout: <same size as paper>
* layoutoffset:(h,v)=(0.0pt,0.0pt)
* modes: 
* h-part:(L,W,R)=(72.26999pt, 469.75502pt, 72.26999pt)
* v-part:(T,H,B)=(72.26999pt, 650.43001pt, 72.26999pt)
* \paperwidth=614.295pt
* \paperheight=794.96999pt
* \textwidth=469.75502pt
* \textheight=650.43001pt
* \oddsidemargin=0.0pt
* \evensidemargin=0.0pt
* \topmargin=-37.0pt
* \headheight=12.0pt
* \headsep=25.0pt
* \topskip=12.0pt
* \footskip=30.0pt
* \marginparwidth=44.0pt
* \marginparsep=10.0pt
* \columnsep=10.0pt
* \skip\footins=10.8pt plus 4.0pt minus 2.0pt
* \hoffset=0.0pt
* \voffset=0.0pt
* \mag=1000
* \@twocolumnfalse
* \@twosidefalse
* \@mparswitchfalse
* \@reversemarginfalse
* (1in=72.27pt=25.4mm, 1cm=28.453pt)


("C:\Users\renan\AppData\Local\Programs\MiKTeX 2.9\tex\context\base\supp-pdf.mk
ii"
[Loading MPS to PDF converter (version 2006.09.02).]
\scratchcounter=\count121
\scratchdimen=\dimen135
\scratchbox=\box36
\nofMPsegments=\count122
\nofMParguments=\count123
\everyMPshowfont=\toks33
\MPscratchCnt=\count124
\MPscratchDim=\dimen136
\MPnumerator=\count125
\makeMPintoPDFobject=\count126
\everyMPtoPDFconversion=\toks34
)
Package caption Info: Begin \AtBeginDocument code.
Package caption Info: listings package is loaded.
Package caption Info: End \AtBeginDocument code.
\c@lstlisting=\count127
LaTeX Font Info:    Try loading font information for U+msa on input line 58.
 ("C:\Users\renan\AppData\Local\Programs\MiKTeX 2.9\tex\latex\amsfonts\umsa.fd"
File: umsa.fd 2013/01/14 v3.01 AMS symbols A
)
LaTeX Font Info:    Try loading font information for U+msb on input line 58.
 ("C:\Users\renan\AppData\Local\Programs\MiKTeX 2.9\tex\latex\amsfonts\umsb.fd"
File: umsb.fd 2013/01/14 v3.01 AMS symbols B
) [1

{C:/Users/renan/AppData/Local/MiKTeX/2.9/pdftex/config/pdftex.map}]
("C:\Users\renan\AppData\Local\Programs\MiKTeX 2.9\tex\latex\listings\lstlang1.
sty"
File: lstlang1.sty 2015/06/04 1.6 listings language file
)
LaTeX Font Info:    Try loading font information for T1+cmtt on input line 110.


("C:\Users\renan\AppData\Local\Programs\MiKTeX 2.9\tex\latex\base\t1cmtt.fd"
File: t1cmtt.fd 2014/09/29 v2.5h Standard LaTeX font definitions
)
(matlab/ex1_c.m)
Package epstopdf Info: Source file: <figs/ex1_1.eps>
(epstopdf)                    date: 2018-03-15 01:33:53
(epstopdf)                    size: 17383 bytes
(epstopdf)             Output file: <figs/ex1_1-eps-converted-to.pdf>
(epstopdf)                    date: 2018-03-15 01:40:38
(epstopdf)                    size: 7494 bytes
(epstopdf)             Command: <epstopdf --outfile=figs/ex1_1-eps-converted-to
.pdf figs/ex1_1.eps>
(epstopdf)             \includegraphics on input line 224.
Package epstopdf Info: Output file is already uptodate.

<figs/ex1_1-eps-converted-to.pdf, id=14, 359.3425pt x 303.1325pt>
File: figs/ex1_1-eps-converted-to.pdf Graphic file (type pdf)

<use figs/ex1_1-eps-converted-to.pdf>
Package pdftex.def Info: figs/ex1_1-eps-converted-to.pdf used on input line 224
.
(pdftex.def)             Requested size: 211.38832pt x 178.32857pt.
Package epstopdf Info: Source file: <figs/ex1_2.eps>
(epstopdf)                    date: 2018-03-15 01:33:54
(epstopdf)                    size: 17387 bytes
(epstopdf)             Output file: <figs/ex1_2-eps-converted-to.pdf>
(epstopdf)                    date: 2018-03-15 01:40:39
(epstopdf)                    size: 7537 bytes
(epstopdf)             Command: <epstopdf --outfile=figs/ex1_2-eps-converted-to
.pdf figs/ex1_2.eps>
(epstopdf)             \includegraphics on input line 228.
Package epstopdf Info: Output file is already uptodate.

<figs/ex1_2-eps-converted-to.pdf, id=15, 359.3425pt x 303.1325pt>
File: figs/ex1_2-eps-converted-to.pdf Graphic file (type pdf)

<use figs/ex1_2-eps-converted-to.pdf>
Package pdftex.def Info: figs/ex1_2-eps-converted-to.pdf used on input line 228
.
(pdftex.def)             Requested size: 211.38832pt x 178.32857pt.
Package epstopdf Info: Source file: <figs/ex1_3.eps>
(epstopdf)                    date: 2018-03-15 01:33:54
(epstopdf)                    size: 16893 bytes
(epstopdf)             Output file: <figs/ex1_3-eps-converted-to.pdf>
(epstopdf)                    date: 2018-03-15 01:40:40
(epstopdf)                    size: 7486 bytes
(epstopdf)             Command: <epstopdf --outfile=figs/ex1_3-eps-converted-to
.pdf figs/ex1_3.eps>
(epstopdf)             \includegraphics on input line 235.
Package epstopdf Info: Output file is already uptodate.

<figs/ex1_3-eps-converted-to.pdf, id=16, 359.3425pt x 303.1325pt>
File: figs/ex1_3-eps-converted-to.pdf Graphic file (type pdf)

<use figs/ex1_3-eps-converted-to.pdf>
Package pdftex.def Info: figs/ex1_3-eps-converted-to.pdf used on input line 235
.
(pdftex.def)             Requested size: 211.38832pt x 178.32857pt.
Package epstopdf Info: Source file: <figs/ex1_4.eps>
(epstopdf)                    date: 2018-03-15 01:33:54
(epstopdf)                    size: 16901 bytes
(epstopdf)             Output file: <figs/ex1_4-eps-converted-to.pdf>
(epstopdf)                    date: 2018-03-15 01:40:41
(epstopdf)                    size: 7409 bytes
(epstopdf)             Command: <epstopdf --outfile=figs/ex1_4-eps-converted-to
.pdf figs/ex1_4.eps>
(epstopdf)             \includegraphics on input line 239.
Package epstopdf Info: Output file is already uptodate.

<figs/ex1_4-eps-converted-to.pdf, id=17, 359.3425pt x 303.1325pt>
File: figs/ex1_4-eps-converted-to.pdf Graphic file (type pdf)

<use figs/ex1_4-eps-converted-to.pdf>
Package pdftex.def Info: figs/ex1_4-eps-converted-to.pdf used on input line 239
.
(pdftex.def)             Requested size: 211.38832pt x 178.32857pt.
 [2 <./figs/ex1_1-eps-converted-to.pdf> <./figs/ex1_2-eps-converted-to.pdf>] (m
atlab/ex1_d2.m)
Overfull \hbox (22.71297pt too wide) in paragraph at lines 281--281
[] 
 []

[3 <./figs/ex1_3-eps-converted-to.pdf> <./figs/ex1_4-eps-converted-to.pdf>]
(matlab/ex2_a.m) [4] (matlab/ex2_e.m [5] [6])
Package epstopdf Info: Source file: <figs/ex2e_states.eps>
(epstopdf)                    date: 2018-03-17 16:20:33
(epstopdf)                    size: 184568 bytes
(epstopdf)             Output file: <figs/ex2e_states-eps-converted-to.pdf>
(epstopdf)                    date: 2018-03-17 16:35:33
(epstopdf)                    size: 12533 bytes
(epstopdf)             Command: <epstopdf --outfile=figs/ex2e_states-eps-conver
ted-to.pdf figs/ex2e_states.eps>
(epstopdf)             \includegraphics on input line 368.
Package epstopdf Info: Output file is already uptodate.

<figs/ex2e_states-eps-converted-to.pdf, id=69, 364.36125pt x 303.1325pt>
File: figs/ex2e_states-eps-converted-to.pdf Graphic file (type pdf)

<use figs/ex2e_states-eps-converted-to.pdf>
Package pdftex.def Info: figs/ex2e_states-eps-converted-to.pdf used on input li
ne 368.
(pdftex.def)             Requested size: 211.38832pt x 175.86322pt.
Package epstopdf Info: Source file: <figs/ex2e_j.eps>
(epstopdf)                    date: 2018-03-17 16:20:33
(epstopdf)                    size: 159870 bytes
(epstopdf)             Output file: <figs/ex2e_j-eps-converted-to.pdf>
(epstopdf)                    date: 2018-03-17 16:35:34
(epstopdf)                    size: 12938 bytes
(epstopdf)             Command: <epstopdf --outfile=figs/ex2e_j-eps-converted-t
o.pdf figs/ex2e_j.eps>
(epstopdf)             \includegraphics on input line 372.
Package epstopdf Info: Output file is already uptodate.

<figs/ex2e_j-eps-converted-to.pdf, id=70, 377.41pt x 303.1325pt>
File: figs/ex2e_j-eps-converted-to.pdf Graphic file (type pdf)

<use figs/ex2e_j-eps-converted-to.pdf>
Package pdftex.def Info: figs/ex2e_j-eps-converted-to.pdf used on input line 37
2.
(pdftex.def)             Requested size: 211.38832pt x 169.78542pt.
Package epstopdf Info: Source file: <figs/ex2e_h1.eps>
(epstopdf)                    date: 2018-03-17 16:20:34
(epstopdf)                    size: 17825 bytes
(epstopdf)             Output file: <figs/ex2e_h1-eps-converted-to.pdf>
(epstopdf)                    date: 2018-03-17 16:35:35
(epstopdf)                    size: 8048 bytes
(epstopdf)             Command: <epstopdf --outfile=figs/ex2e_h1-eps-converted-
to.pdf figs/ex2e_h1.eps>
(epstopdf)             \includegraphics on input line 379.
Package epstopdf Info: Output file is already uptodate.

<figs/ex2e_h1-eps-converted-to.pdf, id=71, 369.38pt x 302.12875pt>
File: figs/ex2e_h1-eps-converted-to.pdf Graphic file (type pdf)

<use figs/ex2e_h1-eps-converted-to.pdf>
Package pdftex.def Info: figs/ex2e_h1-eps-converted-to.pdf used on input line 3
79.
(pdftex.def)             Requested size: 140.92793pt x 115.27112pt.
Package epstopdf Info: Source file: <figs/ex2e_h2.eps>
(epstopdf)                    date: 2018-03-17 16:20:34
(epstopdf)                    size: 18297 bytes
(epstopdf)             Output file: <figs/ex2e_h2-eps-converted-to.pdf>
(epstopdf)                    date: 2018-03-17 16:35:35
(epstopdf)                    size: 8470 bytes
(epstopdf)             Command: <epstopdf --outfile=figs/ex2e_h2-eps-converted-
to.pdf figs/ex2e_h2.eps>
(epstopdf)             \includegraphics on input line 383.
Package epstopdf Info: Output file is already uptodate.

<figs/ex2e_h2-eps-converted-to.pdf, id=72, 369.38pt x 302.12875pt>
File: figs/ex2e_h2-eps-converted-to.pdf Graphic file (type pdf)

<use figs/ex2e_h2-eps-converted-to.pdf>
Package pdftex.def Info: figs/ex2e_h2-eps-converted-to.pdf used on input line 3
83.
(pdftex.def)             Requested size: 140.92793pt x 115.27112pt.
Package epstopdf Info: Source file: <figs/ex2e_h3.eps>
(epstopdf)                    date: 2018-03-17 16:20:34
(epstopdf)                    size: 18659 bytes
(epstopdf)             Output file: <figs/ex2e_h3-eps-converted-to.pdf>
(epstopdf)                    date: 2018-03-17 16:38:37
(epstopdf)                    size: 8384 bytes
(epstopdf)             Command: <epstopdf --outfile=figs/ex2e_h3-eps-converted-
to.pdf figs/ex2e_h3.eps>
(epstopdf)             \includegraphics on input line 387.
Package epstopdf Info: Output file is already uptodate.

<figs/ex2e_h3-eps-converted-to.pdf, id=73, 369.38pt x 302.12875pt>
File: figs/ex2e_h3-eps-converted-to.pdf Graphic file (type pdf)

<use figs/ex2e_h3-eps-converted-to.pdf>
Package pdftex.def Info: figs/ex2e_h3-eps-converted-to.pdf used on input line 3
87.
(pdftex.def)             Requested size: 140.92793pt x 115.27112pt.
Package epstopdf Info: Source file: <figs/ex2e_h4.eps>
(epstopdf)                    date: 2018-03-17 16:20:34
(epstopdf)                    size: 18677 bytes
(epstopdf)             Output file: <figs/ex2e_h4-eps-converted-to.pdf>
(epstopdf)                    date: 2018-03-17 17:12:49
(epstopdf)                    size: 8525 bytes
(epstopdf)             Command: <epstopdf --outfile=figs/ex2e_h4-eps-converted-
to.pdf figs/ex2e_h4.eps>
(epstopdf)             \includegraphics on input line 394.
Package epstopdf Info: Output file is already uptodate.

<figs/ex2e_h4-eps-converted-to.pdf, id=74, 369.38pt x 302.12875pt>
File: figs/ex2e_h4-eps-converted-to.pdf Graphic file (type pdf)

<use figs/ex2e_h4-eps-converted-to.pdf>
Package pdftex.def Info: figs/ex2e_h4-eps-converted-to.pdf used on input line 3
94.
(pdftex.def)             Requested size: 140.92793pt x 115.27112pt.
Package epstopdf Info: Source file: <figs/ex2e_h5.eps>
(epstopdf)                    date: 2018-03-17 16:20:35
(epstopdf)                    size: 18673 bytes
(epstopdf)             Output file: <figs/ex2e_h5-eps-converted-to.pdf>
(epstopdf)                    date: 2018-03-17 17:12:50
(epstopdf)                    size: 8629 bytes
(epstopdf)             Command: <epstopdf --outfile=figs/ex2e_h5-eps-converted-
to.pdf figs/ex2e_h5.eps>
(epstopdf)             \includegraphics on input line 398.
Package epstopdf Info: Output file is already uptodate.

<figs/ex2e_h5-eps-converted-to.pdf, id=75, 369.38pt x 302.12875pt>
File: figs/ex2e_h5-eps-converted-to.pdf Graphic file (type pdf)

<use figs/ex2e_h5-eps-converted-to.pdf>
Package pdftex.def Info: figs/ex2e_h5-eps-converted-to.pdf used on input line 3
98.
(pdftex.def)             Requested size: 140.92793pt x 115.27112pt.
Package epstopdf Info: Source file: <figs/ex2e_h6.eps>
(epstopdf)                    date: 2018-03-17 16:20:35
(epstopdf)                    size: 18926 bytes
(epstopdf)             Output file: <figs/ex2e_h6-eps-converted-to.pdf>
(epstopdf)                    date: 2018-03-17 17:12:51
(epstopdf)                    size: 8644 bytes
(epstopdf)             Command: <epstopdf --outfile=figs/ex2e_h6-eps-converted-
to.pdf figs/ex2e_h6.eps>
(epstopdf)             \includegraphics on input line 402.
Package epstopdf Info: Output file is already uptodate.

<figs/ex2e_h6-eps-converted-to.pdf, id=76, 374.39874pt x 302.12875pt>
File: figs/ex2e_h6-eps-converted-to.pdf Graphic file (type pdf)

<use figs/ex2e_h6-eps-converted-to.pdf>
Package pdftex.def Info: figs/ex2e_h6-eps-converted-to.pdf used on input line 4
02.
(pdftex.def)             Requested size: 140.92793pt x 113.72673pt.
Package epstopdf Info: Source file: <figs/ex2e_h7.eps>
(epstopdf)                    date: 2018-03-17 16:20:35
(epstopdf)                    size: 18926 bytes
(epstopdf)             Output file: <figs/ex2e_h7-eps-converted-to.pdf>
(epstopdf)                    date: 2018-03-17 17:12:52
(epstopdf)                    size: 8422 bytes
(epstopdf)             Command: <epstopdf --outfile=figs/ex2e_h7-eps-converted-
to.pdf figs/ex2e_h7.eps>
(epstopdf)             \includegraphics on input line 409.
Package epstopdf Info: Output file is already uptodate.

<figs/ex2e_h7-eps-converted-to.pdf, id=77, 374.39874pt x 302.12875pt>
File: figs/ex2e_h7-eps-converted-to.pdf Graphic file (type pdf)

<use figs/ex2e_h7-eps-converted-to.pdf>
Package pdftex.def Info: figs/ex2e_h7-eps-converted-to.pdf used on input line 4
09.
(pdftex.def)             Requested size: 140.92793pt x 113.72673pt.
Package epstopdf Info: Source file: <figs/ex2e_h8.eps>
(epstopdf)                    date: 2018-03-17 16:20:35
(epstopdf)                    size: 18922 bytes
(epstopdf)             Output file: <figs/ex2e_h8-eps-converted-to.pdf>
(epstopdf)                    date: 2018-03-17 17:12:53
(epstopdf)                    size: 8559 bytes
(epstopdf)             Command: <epstopdf --outfile=figs/ex2e_h8-eps-converted-
to.pdf figs/ex2e_h8.eps>
(epstopdf)             \includegraphics on input line 413.
Package epstopdf Info: Output file is already uptodate.

<figs/ex2e_h8-eps-converted-to.pdf, id=78, 374.39874pt x 302.12875pt>
File: figs/ex2e_h8-eps-converted-to.pdf Graphic file (type pdf)

<use figs/ex2e_h8-eps-converted-to.pdf>
Package pdftex.def Info: figs/ex2e_h8-eps-converted-to.pdf used on input line 4
13.
(pdftex.def)             Requested size: 140.92793pt x 113.72673pt.
Package epstopdf Info: Source file: <figs/ex2e_h9.eps>
(epstopdf)                    date: 2018-03-17 16:20:36
(epstopdf)                    size: 18910 bytes
(epstopdf)             Output file: <figs/ex2e_h9-eps-converted-to.pdf>
(epstopdf)                    date: 2018-03-17 17:12:54
(epstopdf)                    size: 8453 bytes
(epstopdf)             Command: <epstopdf --outfile=figs/ex2e_h9-eps-converted-
to.pdf figs/ex2e_h9.eps>
(epstopdf)             \includegraphics on input line 417.
Package epstopdf Info: Output file is already uptodate.

<figs/ex2e_h9-eps-converted-to.pdf, id=79, 374.39874pt x 302.12875pt>
File: figs/ex2e_h9-eps-converted-to.pdf Graphic file (type pdf)

<use figs/ex2e_h9-eps-converted-to.pdf>
Package pdftex.def Info: figs/ex2e_h9-eps-converted-to.pdf used on input line 4
17.
(pdftex.def)             Requested size: 140.92793pt x 113.72673pt.
 [7 <./figs/ex2e_states-eps-converted-to.pdf> <./figs/ex2e_j-eps-converted-to.p
df> <./figs/ex2e_h1-eps-converted-to.pdf> <./figs/ex2e_h2-eps-converted-to.pdf>
 <./figs/ex2e_h3-eps-converted-to.pdf> <./figs/ex2e_h4-eps-converted-to.pdf> <.
/figs/ex2e_h5-eps-converted-to.pdf> <./figs/ex2e_h6-eps-converted-to.pdf>]
Package epstopdf Info: Source file: <figs/ex2e_h10.eps>
(epstopdf)                    date: 2018-03-17 16:20:36
(epstopdf)                    size: 18911 bytes
(epstopdf)             Output file: <figs/ex2e_h10-eps-converted-to.pdf>
(epstopdf)                    date: 2018-03-17 17:12:55
(epstopdf)                    size: 8637 bytes
(epstopdf)             Command: <epstopdf --outfile=figs/ex2e_h10-eps-converted
-to.pdf figs/ex2e_h10.eps>
(epstopdf)             \includegraphics on input line 424.
Package epstopdf Info: Output file is already uptodate.

<figs/ex2e_h10-eps-converted-to.pdf, id=148, 374.39874pt x 302.12875pt>
File: figs/ex2e_h10-eps-converted-to.pdf Graphic file (type pdf)

<use figs/ex2e_h10-eps-converted-to.pdf>
Package pdftex.def Info: figs/ex2e_h10-eps-converted-to.pdf used on input line 
424.
(pdftex.def)             Requested size: 140.92793pt x 113.72673pt.
 (matlab/ex3.m [8 <./figs/ex2e_h7-eps-converted-to.pdf> <./figs/ex2e_h8-eps-con
verted-to.pdf> <./figs/ex2e_h9-eps-converted-to.pdf> <./figs/ex2e_h10-eps-conve
rted-to.pdf>]) [9] (matlab/J.m)
Package epstopdf Info: Source file: <figs/ex3_states.eps>
(epstopdf)                    date: 2018-03-17 18:48:36
(epstopdf)                    size: 735104 bytes
(epstopdf)             Output file: <figs/ex3_states-eps-converted-to.pdf>
(epstopdf)                    date: 2018-03-17 18:57:24
(epstopdf)                    size: 76924 bytes
(epstopdf)             Command: <epstopdf --outfile=figs/ex3_states-eps-convert
ed-to.pdf figs/ex3_states.eps>
(epstopdf)             \includegraphics on input line 490.
Package epstopdf Info: Output file is already uptodate.

<figs/ex3_states-eps-converted-to.pdf, id=187, 367.3725pt x 305.14pt>
File: figs/ex3_states-eps-converted-to.pdf Graphic file (type pdf)

<use figs/ex3_states-eps-converted-to.pdf>
Package pdftex.def Info: figs/ex3_states-eps-converted-to.pdf used on input lin
e 490.
(pdftex.def)             Requested size: 211.38832pt x 175.58449pt.
Package epstopdf Info: Source file: <figs/ex3_j.eps>
(epstopdf)                    date: 2018-03-17 18:48:36
(epstopdf)                    size: 87377 bytes
(epstopdf)             Output file: <figs/ex3_j-eps-converted-to.pdf>
(epstopdf)                    date: 2018-03-17 18:57:25
(epstopdf)                    size: 15384 bytes
(epstopdf)             Command: <epstopdf --outfile=figs/ex3_j-eps-converted-to
.pdf figs/ex3_j.eps>
(epstopdf)             \includegraphics on input line 494.
Package epstopdf Info: Output file is already uptodate.

<figs/ex3_j-eps-converted-to.pdf, id=188, 361.35pt x 305.14pt>
File: figs/ex3_j-eps-converted-to.pdf Graphic file (type pdf)

<use figs/ex3_j-eps-converted-to.pdf>
Package pdftex.def Info: figs/ex3_j-eps-converted-to.pdf used on input line 494
.
(pdftex.def)             Requested size: 211.38832pt x 178.50385pt.
 [10 <./figs/ex3_states-eps-converted-to.pdf> <./figs/ex3_j-eps-converted-to.pd
f>] (main.aux) ) 
Here is how much of TeX's memory you used:
 8099 strings out of 493323
 112444 string characters out of 3130014
 318746 words of memory out of 3000000
 11467 multiletter control sequences out of 15000+200000
 18134 words of font info for 53 fonts, out of 3000000 for 9000
 1141 hyphenation exceptions out of 8191
 42i,14n,50p,322b,1785s stack positions out of 5000i,500n,10000p,200000b,50000s
 <C:\Users\renan\AppData\Local\MiKTeX\2.9\fonts\pk\ljfour\jknap
pen\ec\dpi600\ectt1095.pk> <C:\Users\renan\AppData\Local\MiKTeX\2.9\fonts\pk\lj
four\jknappen\ec\dpi600\ecrm0800.pk> <C:\Users\renan\AppData\Local\MiKTeX\2.9\f
onts\pk\ljfour\jknappen\ec\dpi600\ecrm1200.pk> <C:\Users\renan\AppData\Local\Mi
KTeX\2.9\fonts\pk\ljfour\jknappen\ec\dpi600\ecbx1200.pk> <C:\Users\renan\AppDat
a\Local\MiKTeX\2.9\fonts\pk\ljfour\jknappen\ec\dpi600\ecrm1440.pk> <C:\Users\re
nan\AppData\Local\MiKTeX\2.9\fonts\pk\ljfour\jknappen\ec\dpi600\ecrm2074.pk><C:
/Users/renan/AppData/Local/Programs/MiKTeX 2.9/fonts/type1/public/amsfonts/cm/c
mex10.pfb><C:/Users/renan/AppData/Local/Programs/MiKTeX 2.9/fonts/type1/public/
amsfonts/cm/cmmi12.pfb><C:/Users/renan/AppData/Local/Programs/MiKTeX 2.9/fonts/
type1/public/amsfonts/cm/cmmi8.pfb><C:/Users/renan/AppData/Local/Programs/MiKTe
X 2.9/fonts/type1/public/amsfonts/cm/cmr12.pfb><C:/Users/renan/AppData/Local/Pr
ograms/MiKTeX 2.9/fonts/type1/public/amsfonts/cm/cmr8.pfb><C:/Users/renan/AppDa
ta/Local/Programs/MiKTeX 2.9/fonts/type1/public/amsfonts/cm/cmsy10.pfb><C:/User
s/renan/AppData/Local/Programs/MiKTeX 2.9/fonts/type1/public/amsfonts/cm/cmsy8.
pfb>
Output written on main.pdf (10 pages, 356134 bytes).
PDF statistics:
 452 PDF objects out of 1000 (max. 8388607)
 0 named destinations out of 1000 (max. 500000)
 91 words of extra memory for PDF output out of 10000 (max. 10000000)

